Install & Build Frontend...

up to date, audited 270 packages in 1s

58 packages are looking for funding
  run `npm fund` for details

found 0 vulnerabilities

> frontend@0.0.0 build
> vite build

vite v7.2.4 building client environment for production...
transforming...
✓ 102 modules transformed.
rendering chunks...
computing gzip size...
dist/index.html                   0.50 kB │ gzip:  0.35 kB
dist/assets/index-uaT_ZOxw.css   11.23 kB │ gzip:  2.98 kB
dist/assets/index-BXwK3Ul_.js   272.28 kB │ gzip: 90.24 kB
✓ built in 4.02s
Install Backend...

up to date, audited 108 packages in 639ms

24 packages are looking for funding
  run `npm fund` for details

found 0 vulnerabilities
Starting Server...
[dotenv@17.2.3] injecting env (2) from .env -- tip: ⚙️  specify custom .env file path with { path: '/custom/path/.env' }
Server is listening at port 3001
